{"/Users/sethvoler/Desktop/2021/low-code/git-practice/__test__/index.js": {"path":"/Users/sethvoler/Desktop/2021/low-code/git-practice/__test__/index.js","statementMap":{"0":{"start":{"line":3,"column":28},"end":{"line":10,"column":1}},"1":{"start":{"line":4,"column":2},"end":{"line":9,"column":5}},"2":{"start":{"line":5,"column":4},"end":{"line":8,"column":7}},"3":{"start":{"line":6,"column":25},"end":{"line":6,"column":42}},"4":{"start":{"line":7,"column":6},"end":{"line":7,"column":43}}},"fnMap":{"0":{"name":"(anonymous_0)","decl":{"start":{"line":3,"column":28},"end":{"line":3,"column":29}},"loc":{"start":{"line":3,"column":59},"end":{"line":10,"column":1}},"line":3},"1":{"name":"(anonymous_1)","decl":{"start":{"line":4,"column":17},"end":{"line":4,"column":18}},"loc":{"start":{"line":4,"column":23},"end":{"line":9,"column":3}},"line":4},"2":{"name":"(anonymous_2)","decl":{"start":{"line":5,"column":26},"end":{"line":5,"column":27}},"loc":{"start":{"line":5,"column":32},"end":{"line":8,"column":5}},"line":5}},"branchMap":{},"s":{"0":1,"1":1,"2":1,"3":1,"4":1},"f":{"0":1,"1":1,"2":1},"b":{},"_coverageSchema":"1a1c01bbd47fc00a2c39e90264f33305004495a9","hash":"039a8b3d2950ade34c9f22e66de532024e069bf8"}
,"/Users/sethvoler/Desktop/2021/low-code/git-practice/src/compotents/Button/index.tsx": {"path":"/Users/sethvoler/Desktop/2021/low-code/git-practice/src/compotents/Button/index.tsx","statementMap":{"0":{"start":{"line":3,"column":25},"end":{"line":5,"column":33}},"1":{"start":{"line":5,"column":6},"end":{"line":5,"column":33}}},"fnMap":{"0":{"name":"(anonymous_0)","decl":{"start":{"line":3,"column":25},"end":{"line":3,"column":26}},"loc":{"start":{"line":5,"column":6},"end":{"line":5,"column":33}},"line":5}},"branchMap":{},"s":{"0":1,"1":1},"f":{"0":1},"b":{},"_coverageSchema":"1a1c01bbd47fc00a2c39e90264f33305004495a9","hash":"194f950bcea51507f640951f89c860c5b73f948b"}
,"/Users/sethvoler/Desktop/2021/low-code/git-practice/src/mock/index.ts": {"path":"/Users/sethvoler/Desktop/2021/low-code/git-practice/src/mock/index.ts","statementMap":{},"fnMap":{},"branchMap":{},"s":{},"f":{},"b":{},"_coverageSchema":"1a1c01bbd47fc00a2c39e90264f33305004495a9","hash":"b8c429135e0215a01667c496e58efc1fd8bd2994"}
}
